<?xml version="1.0" encoding="UTF-8"?>
<testng-results skipped="0" failed="0" total="1" passed="1">
  <reporter-output>
  </reporter-output>
  <suite name="Surefire suite" duration-ms="3911" started-at="2018-03-30T12:59:06Z" finished-at="2018-03-30T12:59:10Z">
    <groups>
    </groups>
    <test name="Surefire test" duration-ms="3911" started-at="2018-03-30T12:59:06Z" finished-at="2018-03-30T12:59:10Z">
      <class name="Xelpmoc.Test.NewTest">
        <test-method status="PASS" signature="Login()[pri:0, instance:Xelpmoc.Test.NewTest@337d0578]" name="Login" duration-ms="3905" started-at="2018-03-30T18:29:06Z" finished-at="2018-03-30T18:29:10Z">
          <reporter-output>
          </reporter-output>
        </test-method> <!-- Login -->
      </class> <!-- Xelpmoc.Test.NewTest -->
    </test> <!-- Surefire test -->
  </suite> <!-- Surefire suite -->
</testng-results>
